This is pdfTeX, Version 3.141592653-2.6-1.40.22 (MiKTeX 21.2) (preloaded format=pdflatex 2021.3.6)  10 JUL 2021 14:17
entering extended mode
**./main.tex
(main.tex
LaTeX2e <2020-10-01> patch level 4
L3 programming layer <2021-02-18> xparse <2020-03-03>
(../common/use-packages-macros2.tex
(C:\Program Files\MiKTeX\tex/latex/koma-script\scrbook.cls
Document Class: scrbook 2020/09/21 v3.32 KOMA-Script document class (book)
(C:\Program Files\MiKTeX\tex/latex/koma-script\scrkbase.sty
Package: scrkbase 2020/09/21 v3.32 KOMA-Script package (KOMA-Script-dependent b
asics and keyval usage)

(C:\Program Files\MiKTeX\tex/latex/koma-script\scrbase.sty
Package: scrbase 2020/09/21 v3.32 KOMA-Script package (KOMA-Script-independent 
basics and keyval usage)

(C:\Program Files\MiKTeX\tex/latex/koma-script\scrlfile.sty
Package: scrlfile 2020/09/21 v3.32 KOMA-Script package (file load hooks)

(C:\Program Files\MiKTeX\tex/latex/koma-script\scrlfile-hook.sty
Package: scrlfile-hook 2020/09/21 v3.32 KOMA-Script package (using LaTeX hooks)


LaTeX3 Info: Defining command \BeforeFile with sig. 'm' on line 61.


LaTeX3 Info: Defining command \AfterFile with sig. 'm' on line 65.


LaTeX3 Info: Defining command \BeforeClass with sig. 'm' on line 69.


LaTeX3 Info: Defining command \BeforePackage with sig. 'm' on line 73.


LaTeX3 Info: Defining command \AfterAtEndOfClass with sig. 'smo+m' on line 83.


LaTeX3 Info: Defining command \AfterAtEndOfPackage with sig. 'smo+m' on line
(LaTeX3)     93.


LaTeX3 Info: Defining command \scrlfile@AfterClass with sig. 'smo+m' on line
(LaTeX3)     173.


LaTeX3 Info: Defining command \AfterClass with sig. '' on line 174.


LaTeX3 Info: Defining command \scrlfile@AfterPackage with sig. 'smo+m' on line
(LaTeX3)     191.


LaTeX3 Info: Defining command \AfterPackage with sig. '' on line 192.


LaTeX3 Info: Defining command \ReplaceInput with sig. '' on line 193.


LaTeX3 Info: Defining command \ReplaceClass with sig. 'mm' on line 196.


LaTeX3 Info: Defining command \ReplacePackage with sig. 'mm' on line 199.


LaTeX3 Info: Defining command \UnReplaceInput with sig. '' on line 200.


LaTeX3 Info: Defining command \UnReplaceClass with sig. 'm' on line 203.


LaTeX3 Info: Defining command \UnReplacePackage with sig. 'mm' on line 206.


LaTeX3 Info: Defining command \PreventPackageFromLoading with sig. 's+om' on
(LaTeX3)     line 234.


LaTeX3 Info: Defining command \StorePreventPackageFromLoading with sig. 'm' on
(LaTeX3)     line 242.


LaTeX3 Info: Defining command \ResetPreventPackageFromLoading with sig. '' on
(LaTeX3)     line 247.


LaTeX3 Info: Defining command \UnPreventPackageFromLoading with sig. 'sm' on
(LaTeX3)     line 261.


LaTeX3 Info: Defining command \BeforeClosingMainAux with sig. 'om' on line
(LaTeX3)     274.


LaTeX3 Info: Defining command \AfterReadingMainAux with sig. 'om' on line 287.


LaTeX3 Info: Defining command \protected@immediate@write with sig. 'm+m+m' on
(LaTeX3)     line 298.


(C:\Program Files\MiKTeX\tex/latex/koma-script\scrlogo.sty
Package: scrlogo 2020/09/21 v3.32 KOMA-Script package (logo)
)))
(C:\Program Files\MiKTeX\tex/latex/graphics\keyval.sty
Package: keyval 2014/10/28 v1.15 key=value parser (DPC)
\KV@toks@=\toks15
)))
(C:\Program Files\MiKTeX\tex/latex/koma-script\tocbasic.sty
Package: tocbasic 2020/09/21 v3.32 KOMA-Script package (handling toc-files)
\scr@dte@tocline@numberwidth=\skip47
\scr@dte@tocline@numbox=\box47
)
Package tocbasic Info: babel extension for `toc' omitted
(tocbasic)             because of missing \bbl@set@language on input line 137.
Package scrbook Info: You've used standard option `12pt'.
(scrbook)             This is correct!
(scrbook)             Internally I'm using `fontsize=12pt'.
(scrbook)             If you'd like to set the option with \KOMAoptions,
(scrbook)             you'd have to use `fontsize=12pt' there
(scrbook)             instead of `12pt', too.
Class scrbook Info: You've used standard option `notitlepage'.
(scrbook)           This is correct!
(scrbook)           Internally I'm using `titlepage=false'.
(scrbook)           If you'd like to set the option with \KOMAoptions,
(scrbook)           you'd have to use `titlepage=false' there
(scrbook)           instead of `notitlepage', too.
Class scrbook Info: You've used standard option `openany'.
(scrbook)           This is correct!
(scrbook)           Internally I'm using `open=any'.
(scrbook)           If you'd like to set the option with \KOMAoptions,
(scrbook)           you'd have to use `open=any' there
(scrbook)           instead of `openany', too.
Class scrbook Info: File `scrsize12pt.clo' used to setup font sizes on input li
ne 2437.

(C:\Program Files\MiKTeX\tex/latex/koma-script\scrsize12pt.clo
File: scrsize12pt.clo 2020/09/21 v3.32 KOMA-Script font size class option (12pt
)
)
(C:\Program Files\MiKTeX\tex/latex/koma-script\typearea.sty
Package: typearea 2020/09/21 v3.32 KOMA-Script package (type area)
\ta@bcor=\skip48
\ta@div=\count179
Package typearea Info: You've used standard option `a4paper'.
(typearea)             This is correct!
(typearea)             Internally I'm using `paper=a4'.
(typearea)             If you'd like to set the option with \KOMAoptions,
(typearea)             you'd have to use `paper=a4' there
(typearea)             instead of `a4paper', too.
\ta@hblk=\skip49
\ta@vblk=\skip50
\ta@temp=\skip51
\footheight=\skip52
Package typearea Info: These are the values describing the layout:
(typearea)             DIV  = 12
(typearea)             BCOR = 0.0pt
(typearea)             \paperwidth      = 597.50793pt
(typearea)              \textwidth      = 448.13095pt
(typearea)              DIV departure   = -6%
(typearea)              \evensidemargin = 27.31467pt
(typearea)              \oddsidemargin  = -22.47766pt
(typearea)             \paperheight     = 845.04694pt
(typearea)              \textheight     = 635.5pt
(typearea)              \topmargin      = -41.72441pt
(typearea)              \headheight     = 18.125pt
(typearea)              \headsep        = 21.75pt
(typearea)              \topskip        = 12.0pt
(typearea)              \footskip       = 50.75pt
(typearea)              \baselineskip   = 14.5pt
(typearea)              on input line 1740.
)
\c@part=\count180
\c@chapter=\count181
\c@section=\count182
\c@subsection=\count183
\c@subsubsection=\count184
\c@paragraph=\count185
\c@subparagraph=\count186
\scr@dte@chapter@maxnumwidth=\skip53
Class scrbook Info: using compatibility default `afterindent=bysign'
(scrbook)           for `\chapter on input line 5625.
\scr@dte@section@maxnumwidth=\skip54
Class scrbook Info: using compatibility default `runin=bysign'
(scrbook)           for `\section on input line 5636.
Class scrbook Info: using compatibility default `afterindent=bysign'
(scrbook)           for `\section on input line 5636.
\scr@dte@part@maxnumwidth=\skip55
Class scrbook Info: using compatibility default `afterindent=true'
(scrbook)           for `\part on input line 5645.
\scr@dte@subsection@maxnumwidth=\skip56
Class scrbook Info: using compatibility default `runin=bysign'
(scrbook)           for `\subsection on input line 5655.
Class scrbook Info: using compatibility default `afterindent=bysign'
(scrbook)           for `\subsection on input line 5655.
\scr@dte@subsubsection@maxnumwidth=\skip57
Class scrbook Info: using compatibility default `runin=bysign'
(scrbook)           for `\subsubsection on input line 5665.
Class scrbook Info: using compatibility default `afterindent=bysign'
(scrbook)           for `\subsubsection on input line 5665.
\scr@dte@paragraph@maxnumwidth=\skip58
Class scrbook Info: using compatibility default `runin=bysign'
(scrbook)           for `\paragraph on input line 5676.
Class scrbook Info: using compatibility default `afterindent=bysign'
(scrbook)           for `\paragraph on input line 5676.
\scr@dte@subparagraph@maxnumwidth=\skip59
Class scrbook Info: using compatibility default `runin=bysign'
(scrbook)           for `\subparagraph on input line 5686.
Class scrbook Info: using compatibility default `afterindent=bysign'
(scrbook)           for `\subparagraph on input line 5686.
\abovecaptionskip=\skip60
\belowcaptionskip=\skip61
\c@pti@nb@sid@b@x=\box48
Package tocbasic Info: babel extension for `lof' omitted
(tocbasic)             because of missing \bbl@set@language on input line 6929.

\scr@dte@figure@maxnumwidth=\skip62
\c@figure=\count187
Package tocbasic Info: babel extension for `lot' omitted
(tocbasic)             because of missing \bbl@set@language on input line 6950.

\scr@dte@table@maxnumwidth=\skip63
\c@table=\count188
Class scrbook Info: Redefining `\numberline' on input line 7123.
\bibindent=\dimen138
)
(C:\Program Files\MiKTeX\tex/latex/psnfss\bookman.sty
Package: bookman 2020/03/25 PSNFSS-v9.3 (SPQR) 
)
(C:\Program Files\MiKTeX\tex/latex/base\ifthen.sty
Package: ifthen 2014/09/29 v1.1c Standard LaTeX ifthen package (DPC)
)
(C:\Program Files\MiKTeX\tex/latex/latex-tools\longtable.sty
Package: longtable 2020/01/07 v4.13 Multi-page Table package (DPC)
\LTleft=\skip64
\LTright=\skip65
\LTpre=\skip66
\LTpost=\skip67
\LTchunksize=\count189
\LTcapwidth=\dimen139
\LT@head=\box49
\LT@firsthead=\box50
\LT@foot=\box51
\LT@lastfoot=\box52
\LT@cols=\count190
\LT@rows=\count191
\c@LT@tables=\count192
\c@LT@chunks=\count193
\LT@p@ftn=\toks16
)
Class scrbook Info: longtable captions redefined on input line 7.

(C:\Program Files\MiKTeX\tex/latex/latex-tools\afterpage.sty
Package: afterpage 2014/10/28 v1.08 After-Page Package (DPC)
\AP@output=\toks17
\AP@partial=\box53
\AP@footins=\box54
)
(C:\Program Files\MiKTeX\tex/latex/koma-script\scrlayer-scrpage.sty
Package: scrlayer-scrpage 2020/09/21 v3.32 KOMA-Script package (end user interf
ace for scrlayer)

(C:\Program Files\MiKTeX\tex/latex/koma-script\scrlayer.sty
Package: scrlayer 2020/09/21 v3.32 KOMA-Script package (defining layers and pag
e styles)
Package scrlayer Info: Using already defined \footheight
(scrlayer)             hoping, that this is a length and
(scrlayer)             not only a macro on input line 109.
Package scrlayer Info: patching LaTeX kernel macro \pagestyle on input line 211
6.
)
Package scrlayer-scrpage Info: Makeing stand-alone element `pagehead' from
(scrlayer-scrpage)             alias to `pageheadfoot' on input line 1085.
Package scrlayer-scrpage Info: deactivating warning for font element
(scrlayer-scrpage)             `pagefoot' on input line 1109.
)
Package scrlayer-scrpage Info: auto-selection of `pagestyleset=KOMA-Script'.

1: section
1: chapter
1: chapter
1: section
(C:\Program Files\MiKTeX\tex/latex/a4wide\a4wide.sty
Package: a4wide 1994/08/30

(C:\Program Files\MiKTeX\tex/latex/ntgclass\a4.sty
Package: a4 2020/02/18 v1.2g A4 based page layout
))

Class scrbook Warning: Usage of package `parskip' together
(scrbook)              with a KOMA-Script class is not recommended.
(scrbook)              I'd suggest to use option
(scrbook)              `parskip' with one of it's several values.
(scrbook)              Nevertheless, using requested
(scrbook)              package `parskip' on input line 10.

(C:\Program Files\MiKTeX\tex/latex/parskip\parskip.sty
Package: parskip 2021-03-02 v2.0g non-zero parskip adjustments

(C:\Program Files\MiKTeX\tex/latex/kvoptions\kvoptions.sty
Package: kvoptions 2020-10-07 v3.14 Key value format for package options (HO)

(C:\Program Files\MiKTeX\tex/generic/ltxcmds\ltxcmds.sty
Package: ltxcmds 2020-05-10 v1.25 LaTeX kernel commands for general use (HO)
)
(C:\Program Files\MiKTeX\tex/generic/kvsetkeys\kvsetkeys.sty
Package: kvsetkeys 2019/12/15 v1.18 Key value parser (HO)
))
(C:\Program Files\MiKTeX\tex/latex/etoolbox\etoolbox.sty
Package: etoolbox 2020/10/05 v2.5k e-TeX tools for LaTeX (JAW)
\etb@tempcnta=\count194
)
Couldn't patch \@startsection
) (C:\Program Files\MiKTeX\tex/latex/enumitem\enumitem.sty
Package: enumitem 2019/06/20 v3.9 Customized lists
\labelindent=\skip68
\enit@outerparindent=\dimen140
\enit@toks=\toks18
\enit@inbox=\box55
\enit@count@id=\count195
\enitdp@description=\count196
)
(C:\Program Files\MiKTeX\tex/latex/lastpage\lastpage.sty
Package: lastpage 2015/03/29 v1.2m Refers to last page's name (HMM; JPG)
)
(C:\Program Files\MiKTeX\tex/latex/amsmath\amsmath.sty
Package: amsmath 2020/09/23 v2.17i AMS math features
\@mathmargin=\skip69

For additional information on amsmath, use the `?' option.
(C:\Program Files\MiKTeX\tex/latex/amsmath\amstext.sty
Package: amstext 2000/06/29 v2.01 AMS text

(C:\Program Files\MiKTeX\tex/latex/amsmath\amsgen.sty
File: amsgen.sty 1999/11/30 v2.0 generic functions
\@emptytoks=\toks19
\ex@=\dimen141
))
(C:\Program Files\MiKTeX\tex/latex/amsmath\amsbsy.sty
Package: amsbsy 1999/11/29 v1.2d Bold Symbols
\pmbraise@=\dimen142
)
(C:\Program Files\MiKTeX\tex/latex/amsmath\amsopn.sty
Package: amsopn 2016/03/08 v2.02 operator names
)
\inf@bad=\count197
LaTeX Info: Redefining \frac on input line 234.
\uproot@=\count198
\leftroot@=\count199
LaTeX Info: Redefining \overline on input line 399.
\classnum@=\count266
\DOTSCASE@=\count267
LaTeX Info: Redefining \ldots on input line 496.
LaTeX Info: Redefining \dots on input line 499.
LaTeX Info: Redefining \cdots on input line 620.
\Mathstrutbox@=\box56
\strutbox@=\box57
\big@size=\dimen143
LaTeX Font Info:    Redeclaring font encoding OML on input line 743.
LaTeX Font Info:    Redeclaring font encoding OMS on input line 744.
\macc@depth=\count268
\c@MaxMatrixCols=\count269
\dotsspace@=\muskip16
\c@parentequation=\count270
\dspbrk@lvl=\count271
\tag@help=\toks20
\row@=\count272
\column@=\count273
\maxfields@=\count274
\andhelp@=\toks21
\eqnshift@=\dimen144
\alignsep@=\dimen145
\tagshift@=\dimen146
\tagwidth@=\dimen147
\totwidth@=\dimen148
\lineht@=\dimen149
\@envbody=\toks22
\multlinegap=\skip70
\multlinetaggap=\skip71
\mathdisplay@stack=\toks23
LaTeX Info: Redefining \[ on input line 2923.
LaTeX Info: Redefining \] on input line 2924.
)
(C:\Program Files\MiKTeX\tex/latex/amsfonts\amssymb.sty
Package: amssymb 2013/01/14 v3.01 AMS font symbols

(C:\Program Files\MiKTeX\tex/latex/amsfonts\amsfonts.sty
Package: amsfonts 2013/01/14 v3.01 Basic AMSFonts support
\symAMSa=\mathgroup4
\symAMSb=\mathgroup5
LaTeX Font Info:    Redeclaring math symbol \hbar on input line 98.
LaTeX Font Info:    Overwriting math alphabet `\mathfrak' in version `bold'
(Font)                  U/euf/m/n --> U/euf/b/n on input line 106.
))
(C:\Program Files\MiKTeX\tex/latex/mathtools\mathtools.sty
Package: mathtools 2020/03/24 v1.24 mathematical typesetting tools

(C:\Program Files\MiKTeX\tex/latex/latex-tools\calc.sty
Package: calc 2017/05/25 v4.3 Infix arithmetic (KKT,FJ)
\calc@Acount=\count275
\calc@Bcount=\count276
\calc@Adimen=\dimen150
\calc@Bdimen=\dimen151
\calc@Askip=\skip72
\calc@Bskip=\skip73
LaTeX Info: Redefining \setlength on input line 80.
LaTeX Info: Redefining \addtolength on input line 81.
\calc@Ccount=\count277
\calc@Cskip=\skip74
)
(C:\Program Files\MiKTeX\tex/latex/mathtools\mhsetup.sty
Package: mhsetup 2017/03/31 v1.3 programming setup (MH)
)
LaTeX Info: Thecontrolsequence`\('isalreadyrobust on input line 130.
LaTeX Info: Thecontrolsequence`\)'isalreadyrobust on input line 130.
LaTeX Info: Thecontrolsequence`\['isalreadyrobust on input line 130.
LaTeX Info: Thecontrolsequence`\]'isalreadyrobust on input line 130.
\g_MT_multlinerow_int=\count278
\l_MT_multwidth_dim=\dimen152
\origjot=\skip75
\l_MT_shortvdotswithinadjustabove_dim=\dimen153
\l_MT_shortvdotswithinadjustbelow_dim=\dimen154
\l_MT_above_intertext_sep=\dimen155
\l_MT_below_intertext_sep=\dimen156
\l_MT_above_shortintertext_sep=\dimen157
\l_MT_below_shortintertext_sep=\dimen158
\xmathstrut@box=\box58
\xmathstrut@dim=\dimen159
)
(C:\Program Files\MiKTeX\tex/latex/caption\caption.sty
Package: caption 2020/10/26 v3.5g Customizing captions (AR)

(C:\Program Files\MiKTeX\tex/latex/caption\caption3.sty
Package: caption3 2020/10/21 v2.2e caption3 kernel (AR)
\captionmargin=\dimen160
\captionmargin@=\dimen161
\captionwidth=\dimen162
\caption@tempdima=\dimen163
\caption@indent=\dimen164
\caption@parindent=\dimen165
\caption@hangindent=\dimen166
Package caption Info: KOMA-Script document class detected.

(C:\Program Files\MiKTeX\tex/latex/caption\caption-koma.sto
File: caption-koma.sto 2020/09/21 v2.0b Adaption of the caption package to the 
KOMA-Script document classes (AR)
))
\c@caption@flags=\count279
\c@continuedfloat=\count280
Package caption Info: longtable package is loaded.

(C:\Program Files\MiKTeX\tex/latex/caption\ltcaption.sty
Package: ltcaption 2020/05/30 v1.4b longtable captions (AR)
))
(C:\Program Files\MiKTeX\tex/latex/caption\subcaption.sty
Package: subcaption 2020/10/07 v1.3j Sub-captions (AR)
\c@subfigure=\count281
\c@subtable=\count282
)
(C:\Program Files\MiKTeX\tex/latex/graphics\graphicx.sty
Package: graphicx 2020/09/09 v1.2b Enhanced LaTeX Graphics (DPC,SPQR)

(C:\Program Files\MiKTeX\tex/latex/graphics\graphics.sty
Package: graphics 2020/08/30 v1.4c Standard LaTeX Graphics (DPC,SPQR)

(C:\Program Files\MiKTeX\tex/latex/graphics\trig.sty
Package: trig 2016/01/03 v1.10 sin cos tan (DPC)
)
(C:\Program Files\MiKTeX\tex/latex/graphics-cfg\graphics.cfg
File: graphics.cfg 2016/06/04 v1.11 sample graphics configuration
)
Package graphics Info: Driver file: pdftex.def on input line 105.

(C:\Program Files\MiKTeX\tex/latex/graphics-def\pdftex.def
File: pdftex.def 2020/10/05 v1.2a Graphics/color driver for pdftex
))
\Gin@req@height=\dimen167
\Gin@req@width=\dimen168
)
(C:\Program Files\MiKTeX\tex/latex/blindtext\blindtext.sty
Package: blindtext 2012/01/06 V2.0 blindtext-Package

(C:\Program Files\MiKTeX\tex/latex/latex-tools\xspace.sty
Package: xspace 2014/10/28 v1.13 Space after command names (DPC,MH)
)
\c@blindtext=\count283
\c@Blindtext=\count284
\c@blind@countparstart=\count285
\blind@countxx=\count286
\blindtext@numBlindtext=\count287
\blind@countyy=\count288
\c@blindlist=\count289
\c@blindlistlevel=\count290
\c@blindlist@level=\count291
\blind@listitem=\count292
\c@blind@listcount=\count293
\c@blind@levelcount=\count294
\blind@mathformula=\count295
\blind@Mathformula=\count296
\c@blind@randomcount=\count297
\c@blind@randommax=\count298
\c@blind@pangramcount=\count299
\c@blind@pangrammax=\count300
)
(C:\Program Files\MiKTeX\tex/latex/marvosym\marvosym.sty
Package: marvosym 2011/07/20 v2.2 Martin Vogel's Symbols font definitions
)
(C:\Program Files\MiKTeX\tex/latex/latex-tools\tabularx.sty
Package: tabularx 2020/01/15 v2.11c `tabularx' package (DPC)

(C:\Program Files\MiKTeX\tex/latex/latex-tools\array.sty
Package: array 2020/10/01 v2.5c Tabular extension package (FMi)
\col@sep=\dimen169
\ar@mcellbox=\box59
\extrarowheight=\dimen170
\NC@list=\toks24
\extratabsurround=\skip76
\backup@length=\skip77
\ar@cellbox=\box60
)
\TX@col@width=\dimen171
\TX@old@table=\dimen172
\TX@old@col=\dimen173
\TX@target=\dimen174
\TX@delta=\dimen175
\TX@cols=\count301
\TX@ftn=\toks25
)
(C:\Program Files\MiKTeX\tex/latex/ragged2e\ragged2e.sty
Package: ragged2e 2021/02/05 v3.0 ragged2e Package

(C:\Program Files\MiKTeX\tex/latex/everysel\everysel.sty
Package: everysel 2021/01/20 v2.1 EverySelectfont Package (MS)

(C:\Program Files\MiKTeX\tex/latex/everysel\everysel-2011-10-28.sty))
\CenteringLeftskip=\skip78
\RaggedLeftLeftskip=\skip79
\RaggedRightLeftskip=\skip80
\CenteringRightskip=\skip81
\RaggedLeftRightskip=\skip82
\RaggedRightRightskip=\skip83
\CenteringParfillskip=\skip84
\RaggedLeftParfillskip=\skip85
\RaggedRightParfillskip=\skip86
\JustifyingParfillskip=\skip87
\CenteringParindent=\skip88
\RaggedLeftParindent=\skip89
\RaggedRightParindent=\skip90
\JustifyingParindent=\skip91
)
(C:\Program Files\MiKTeX\tex/latex/listings\listings.sty
\lst@mode=\count302
\lst@gtempboxa=\box61
\lst@token=\toks26
\lst@length=\count303
\lst@currlwidth=\dimen176
\lst@column=\count304
\lst@pos=\count305
\lst@lostspace=\dimen177
\lst@width=\dimen178
\lst@newlines=\count306
\lst@lineno=\count307
\lst@maxwidth=\dimen179

(C:\Program Files\MiKTeX\tex/latex/listings\lstmisc.sty
File: lstmisc.sty 2020/03/24 1.8d (Carsten Heinz)
\c@lstnumber=\count308
\lst@skipnumbers=\count309
\lst@framebox=\box62
)
(C:\Program Files\MiKTeX\tex/latex/listings\listings.cfg
File: listings.cfg 2020/03/24 1.8d listings configuration
))
Package: listings 2020/03/24 1.8d (Carsten Heinz)

(C:\Program Files\MiKTeX\tex/latex/booktabs\booktabs.sty
Package: booktabs 2020/01/12 v1.61803398 Publication quality tables
\heavyrulewidth=\dimen180
\lightrulewidth=\dimen181
\cmidrulewidth=\dimen182
\belowrulesep=\dimen183
\belowbottomsep=\dimen184
\aboverulesep=\dimen185
\abovetopsep=\dimen186
\cmidrulesep=\dimen187
\cmidrulekern=\dimen188
\defaultaddspace=\dimen189
\@cmidla=\count310
\@cmidlb=\count311
\@aboverulesep=\dimen190
\@belowrulesep=\dimen191
\@thisruleclass=\count312
\@lastruleclass=\count313
\@thisrulewidth=\dimen192
)
(C:\Program Files\MiKTeX\tex/latex/xcolor\xcolor.sty
Package: xcolor 2016/05/11 v2.12 LaTeX color extensions (UK)

(C:\Program Files\MiKTeX\tex/latex/graphics-cfg\color.cfg
File: color.cfg 2016/01/02 v1.6 sample color configuration
)
Package xcolor Info: Driver file: pdftex.def on input line 225.

(C:\Program Files\MiKTeX\tex/latex/colortbl\colortbl.sty
Package: colortbl 2020/01/04 v1.0e Color table columns (DPC)
\everycr=\toks27
\minrowclearance=\skip92
)
\rownum=\count314
Package xcolor Info: Model `cmy' substituted by `cmy0' on input line 1348.
Package xcolor Info: Model `hsb' substituted by `rgb' on input line 1352.
Package xcolor Info: Model `RGB' extended on input line 1364.
Package xcolor Info: Model `HTML' substituted by `rgb' on input line 1366.
Package xcolor Info: Model `Hsb' substituted by `hsb' on input line 1367.
Package xcolor Info: Model `tHsb' substituted by `hsb' on input line 1368.
Package xcolor Info: Model `HSB' substituted by `hsb' on input line 1369.
Package xcolor Info: Model `Gray' substituted by `gray' on input line 1370.
Package xcolor Info: Model `wave' substituted by `hsb' on input line 1371.
)
(C:\Program Files\MiKTeX\tex/latex/multirow\multirow.sty
Package: multirow 2021/01/29 v2.7 Span multiple rows of a table
\multirow@colwidth=\skip93
\multirow@cntb=\count315
\multirow@dima=\skip94
\bigstrutjot=\dimen193
)
(C:\Program Files\MiKTeX\tex/latex/url\url.sty
\Urlmuskip=\muskip17
Package: url 2013/09/16  ver 3.4  Verb mode for urls, etc.
)
(C:\Program Files\MiKTeX\tex/latex/pdfpages\pdfpages.sty
Package: pdfpages 2021/03/06 v0.5t Insert pages of external PDF documents (AM)

(C:\Program Files\MiKTeX\tex/latex/eso-pic\eso-pic.sty
Package: eso-pic 2020/10/14 v3.0a eso-pic (RN)
\ESO@tempdima=\dimen194
\ESO@tempdimb=\dimen195
)
\AM@pagewidth=\dimen196
\AM@pageheight=\dimen197
\AM@fboxrule=\dimen198

(C:\Program Files\MiKTeX\tex/latex/pdfpages\pppdftex.def
File: pppdftex.def 2021/03/06 v0.5t Pdfpages driver for pdfTeX (AM)
)
\pdfpages@includegraphics@status=\count316
\AM@pagebox=\box63
\AM@global@opts=\toks28
\AM@pagecnt=\count317
\AM@toc@title=\toks29
\c@AM@survey=\count318
\AM@templatesizebox=\box64
)
(C:\Program Files\MiKTeX\tex/latex/hyperref\hyperref.sty
Package: hyperref 2021-02-27 v7.00k Hypertext links for LaTeX

(C:\Program Files\MiKTeX\tex/generic/iftex\iftex.sty
Package: iftex 2020/03/06 v1.0d TeX engine tests
)
(C:\Program Files\MiKTeX\tex/generic/pdftexcmds\pdftexcmds.sty
Package: pdftexcmds 2020-06-27 v0.33 Utility functions of pdfTeX for LuaTeX (HO
)

(C:\Program Files\MiKTeX\tex/generic/infwarerr\infwarerr.sty
Package: infwarerr 2019/12/03 v1.5 Providing info/warning/error messages (HO)
)
Package pdftexcmds Info: \pdf@primitive is available.
Package pdftexcmds Info: \pdf@ifprimitive is available.
Package pdftexcmds Info: \pdfdraftmode found.
)
(C:\Program Files\MiKTeX\tex/generic/kvdefinekeys\kvdefinekeys.sty
Package: kvdefinekeys 2019-12-19 v1.6 Define keys (HO)
)
(C:\Program Files\MiKTeX\tex/generic/pdfescape\pdfescape.sty
Package: pdfescape 2019/12/09 v1.15 Implements pdfTeX's escape features (HO)
)
(C:\Program Files\MiKTeX\tex/latex/hycolor\hycolor.sty
Package: hycolor 2020-01-27 v1.10 Color options for hyperref/bookmark (HO)
)
(C:\Program Files\MiKTeX\tex/latex/letltxmacro\letltxmacro.sty
Package: letltxmacro 2019/12/03 v1.6 Let assignment for LaTeX macros (HO)
)
(C:\Program Files\MiKTeX\tex/latex/auxhook\auxhook.sty
Package: auxhook 2019-12-17 v1.6 Hooks for auxiliary files (HO)
)
\@linkdim=\dimen199
\Hy@linkcounter=\count319
\Hy@pagecounter=\count320

(C:\Program Files\MiKTeX\tex/latex/hyperref\pd1enc.def
File: pd1enc.def 2021-02-27 v7.00k Hyperref: PDFDocEncoding definition (HO)
Now handling font encoding PD1 ...
... no UTF-8 mapping file for font encoding PD1
)
(C:\Program Files\MiKTeX\tex/latex/hyperref\hyperref-langpatches.def
File: hyperref-langpatches.def 2021-02-27 v7.00k Hyperref: patches for babel la
nguages
)
(C:\Program Files\MiKTeX\tex/generic/intcalc\intcalc.sty
Package: intcalc 2019/12/15 v1.3 Expandable calculations with integers (HO)
)
(C:\Program Files\MiKTeX\tex/generic/etexcmds\etexcmds.sty
Package: etexcmds 2019/12/15 v1.7 Avoid name clashes with e-TeX commands (HO)
)
\Hy@SavedSpaceFactor=\count321

(C:\Program Files\MiKTeX\tex/latex/hyperref\puenc.def
File: puenc.def 2021-02-27 v7.00k Hyperref: PDF Unicode definition (HO)
Now handling font encoding PU ...
... no UTF-8 mapping file for font encoding PU
)
Package hyperref Info: Option `bookmarks' set `true' on input line 4073.
Package hyperref Info: Option `bookmarksnumbered' set `true' on input line 4073
.
Package hyperref Info: Option `hypertexnames' set `false' on input line 4073.
Package hyperref Info: Option `breaklinks' set `true' on input line 4073.
Package hyperref Info: Hyper figures OFF on input line 4192.
Package hyperref Info: Link nesting OFF on input line 4197.
Package hyperref Info: Hyper index ON on input line 4200.
Package hyperref Info: Plain pages OFF on input line 4207.
Package hyperref Info: Backreferencing OFF on input line 4212.
Package hyperref Info: Implicit mode ON; LaTeX internals redefined.
Package hyperref Info: Bookmarks ON on input line 4445.
\c@Hy@tempcnt=\count322
LaTeX Info: Redefining \url on input line 4804.
\XeTeXLinkMargin=\dimen256

(C:\Program Files\MiKTeX\tex/generic/bitset\bitset.sty
Package: bitset 2019/12/09 v1.3 Handle bit-vector datatype (HO)

(C:\Program Files\MiKTeX\tex/generic/bigintcalc\bigintcalc.sty
Package: bigintcalc 2019/12/15 v1.5 Expandable calculations on big integers (HO
)
))
\Fld@menulength=\count323
\Field@Width=\dimen257
\Fld@charsize=\dimen258
Package hyperref Info: Hyper figures OFF on input line 6075.
Package hyperref Info: Link nesting OFF on input line 6080.
Package hyperref Info: Hyper index ON on input line 6083.
Package hyperref Info: backreferencing OFF on input line 6090.
Package hyperref Info: Link coloring OFF on input line 6095.
Package hyperref Info: Link coloring with OCG OFF on input line 6100.
Package hyperref Info: PDF/A mode OFF on input line 6105.
LaTeX Info: Redefining \ref on input line 6145.
LaTeX Info: Redefining \pageref on input line 6149.

(C:\Program Files\MiKTeX\tex/latex/base\atbegshi-ltx.sty
Package: atbegshi-ltx 2020/08/17 v1.0a Emulation of the original atbegshi packa
ge
with kernel methods
)
\Hy@abspage=\count324
\c@Item=\count325
\c@Hfootnote=\count326
)
Package hyperref Info: Driver (autodetected): hpdftex.

(C:\Program Files\MiKTeX\tex/latex/hyperref\hpdftex.def
File: hpdftex.def 2021-02-27 v7.00k Hyperref driver for pdfTeX

(C:\Program Files\MiKTeX\tex/latex/base\atveryend-ltx.sty
Package: atveryend-ltx 2020/08/19 v1.0a Emulation of the original atvery packag
e
with kernel methods
)
\Fld@listcount=\count327
\c@bookmark@seq@number=\count328

(C:\Program Files\MiKTeX\tex/latex/rerunfilecheck\rerunfilecheck.sty
Package: rerunfilecheck 2019/12/05 v1.9 Rerun checks for auxiliary files (HO)

(C:\Program Files\MiKTeX\tex/generic/uniquecounter\uniquecounter.sty
Package: uniquecounter 2019/12/15 v1.4 Provide unlimited unique counter (HO)
)
Package uniquecounter Info: New unique counter `rerunfilecheck' on input line 2
86.
)
\Hy@SectionHShift=\skip95
)

Package scrlayer-scrpage Warning: replacing deprecated \clearscrheading by
(scrlayer-scrpage)                \clearmainofpairofpagestyles on input line 52
.


Package scrlayer-scrpage Warning: replacing deprecated \clearscrplain by
(scrlayer-scrpage)                \clearplainofpairofpagestyles on input line 5
3.


Package scrlayer-scrpage Warning: Command deprecated!
(scrlayer-scrpage)                Usage of `\setheadtopline', `\setheadsepline'
,
(scrlayer-scrpage)                `\setfootsepline', and `\setfootbotline'
(scrlayer-scrpage)                became deprecated with scrlayer-scrpage.
(scrlayer-scrpage)                You should use KOMA-Script options
(scrlayer-scrpage)                `headsepline', `headtopline', `footsepline',
(scrlayer-scrpage)                or `footbotline' with values
(scrlayer-scrpage)                `<line thickness>:<line length>' to setup
(scrlayer-scrpage)                the line length and thickness, and
(scrlayer-scrpage)                `\setkomafont' or `\addtokomafont' to
(scrlayer-scrpage)                setup the colour on input line 62.

(C:\Program Files\MiKTeX\tex/latex/makecell\makecell.sty
Package: makecell 2009/08/03 V0.1e Managing of Tab Column Heads and Cells
\rotheadsize=\dimen259
\c@nlinenum=\count329
\TeXr@lab=\toks30
)
(C:\Program Files\MiKTeX\tex/latex/pdflscape\pdflscape.sty
Package: pdflscape 2019/12/05 v0.12 Display of landscape pages in PDF (HO)

(C:\Program Files\MiKTeX\tex/latex/graphics\lscape.sty
Package: lscape 2020/05/28 v3.02 Landscape Pages (DPC)
)
Package pdflscape Info: Auto-detected driver: pdftex on input line 81.
)

Class scrbook Warning: Usage of package `tocloft' together
(scrbook)              with a KOMA-Script class is not recommended.
(scrbook)              I'd suggest to use options like `listof=entryprefix',
(scrbook)              commands like `\listoflofentryname' or
(scrbook)              `\listoflotentryname', and `\DeclareTOCStyleEntry' or
(scrbook)              `\RedeclareSectionCommand' instead of this package,
(scrbook)              because it breaks several KOMA-Script features of
(scrbook)              the list of figures, list of tables and table of
(scrbook)              contents, i.e., options like `listof=numbered',
(scrbook)              `listof=flat or `toc=flat', commands like
(scrbook)              `\BeforeTOCHead{...}' and `\AfterTOCHead{...}',
(scrbook)              `\BeforeStartingTOC{...}' and \AfterStartingTOC{...}',
(scrbook)              all features of `\DeclareTOCStyleEntry',
(scrbook)              and the ToC entry features of `\DeclareSecionCommand'
(scrbook)              and `\RedeclareSectionCommand' of levels
(scrbook)              `part', `section', `subsection',
(scrbook)              `subsubsection', `paragraph' and `subparagraph'.
(scrbook)              Nevertheless, using requested
(scrbook)              package `tocloft' on input line 81.

(C:\Program Files\MiKTeX\tex/latex/tocloft\tocloft.sty
Package: tocloft 2017/08/31 v2.3i parameterised ToC, etc., typesetting
Package tocloft Info: The document has chapter divisions on input line 51.
\cftparskip=\skip96
\cftbeforetoctitleskip=\skip97
\cftaftertoctitleskip=\skip98
\cftbeforepartskip=\skip99
\cftpartnumwidth=\skip100
\cftpartindent=\skip101
\cftbeforechapskip=\skip102
\cftchapindent=\skip103
\cftchapnumwidth=\skip104
\cftbeforesecskip=\skip105
\cftsecindent=\skip106
\cftsecnumwidth=\skip107
\cftbeforesubsecskip=\skip108
\cftsubsecindent=\skip109
\cftsubsecnumwidth=\skip110
\cftbeforesubsubsecskip=\skip111
\cftsubsubsecindent=\skip112
\cftsubsubsecnumwidth=\skip113
\cftbeforeparaskip=\skip114
\cftparaindent=\skip115
\cftparanumwidth=\skip116
\cftbeforesubparaskip=\skip117
\cftsubparaindent=\skip118
\cftsubparanumwidth=\skip119
\cftbeforeloftitleskip=\skip120
\cftafterloftitleskip=\skip121
\cftbeforefigskip=\skip122
\cftfigindent=\skip123
\cftfignumwidth=\skip124
\c@lofdepth=\count330
\c@lotdepth=\count331
\cftbeforelottitleskip=\skip125
\cftafterlottitleskip=\skip126
\cftbeforetabskip=\skip127
\cfttabindent=\skip128
\cfttabnumwidth=\skip129


Package tocloft Warning: \@starttoc has already been redefined; tocloft bailing
 out. on input line 1156.

)
\c@myequations=\count332
\cftbeforemyequationsskip=\skip130
\cftmyequationsindent=\skip131
\cftmyequationsnumwidth=\skip132
\c@equdepth=\count333
\cftbeforeequtitleskip=\skip133
\cftafterequtitleskip=\skip134
 (C:\Program Files\MiKTeX\tex/latex/hyperref\nameref.sty
Package: nameref 2021-04-02 v2.47 Cross-referencing by name of section

(C:\Program Files\MiKTeX\tex/latex/refcount\refcount.sty
Package: refcount 2019/12/15 v3.6 Data extraction from label references (HO)
)
(C:\Program Files\MiKTeX\tex/generic/gettitlestring\gettitlestring.sty
Package: gettitlestring 2019/12/15 v1.6 Cleanup title references (HO)
)
\c@section@level=\count334
))
LaTeX Font Info:    Trying to load font information for OT1+pbk on input line 3
.

(C:\Program Files\MiKTeX\tex/latex/psnfss\ot1pbk.fd
File: ot1pbk.fd 2001/06/04 font definitions for OT1/pbk.
)
LaTeX Font Info:    Font shape `OT1/pbk/m/n' in size <12> not available
(Font)              Font shape `OT1/pbk/l/n' tried instead on input line 3.

(C:\Program Files\MiKTeX\tex/latex/l3backend\l3backend-pdftex.def
File: l3backend-pdftex.def 2021-03-02 L3 backend support: PDF output (pdfTeX)
\l__color_backend_stack_int=\count335
\l__pdf_internal_box=\box65
) (main.aux)
\openout1 = `main.aux'.

LaTeX Font Info:    Checking defaults for OML/cmm/m/it on input line 3.
LaTeX Font Info:    ... okay on input line 3.
LaTeX Font Info:    Checking defaults for OMS/cmsy/m/n on input line 3.
LaTeX Font Info:    ... okay on input line 3.
LaTeX Font Info:    Checking defaults for OT1/cmr/m/n on input line 3.
LaTeX Font Info:    ... okay on input line 3.
LaTeX Font Info:    Checking defaults for T1/cmr/m/n on input line 3.
LaTeX Font Info:    ... okay on input line 3.
LaTeX Font Info:    Checking defaults for TS1/cmr/m/n on input line 3.
LaTeX Font Info:    ... okay on input line 3.
LaTeX Font Info:    Checking defaults for OMX/cmex/m/n on input line 3.
LaTeX Font Info:    ... okay on input line 3.
LaTeX Font Info:    Checking defaults for U/cmr/m/n on input line 3.
LaTeX Font Info:    ... okay on input line 3.
LaTeX Font Info:    Checking defaults for PD1/pdf/m/n on input line 3.
LaTeX Font Info:    ... okay on input line 3.
LaTeX Font Info:    Checking defaults for PU/pdf/m/n on input line 3.
LaTeX Font Info:    ... okay on input line 3.
Package scrbase Info: activating english \contentsname on input line 3.
Package scrbase Info: activating english \listfigurename on input line 3.
Package scrbase Info: activating english \listtablename on input line 3.
Package lastpage Info: Please have a look at the pageslts package at
(lastpage)             https://www.ctan.org/pkg/pageslts
(lastpage)             ! on input line 3.
Package caption Info: Begin \AtBeginDocument code.
Package caption Info: hyperref package is loaded.
Package caption Info: listings package is loaded.
Package caption Info: End \AtBeginDocument code.

(C:\Program Files\MiKTeX\tex/context/base/mkii\supp-pdf.mkii
[Loading MPS to PDF converter (version 2006.09.02).]
\scratchcounter=\count336
\scratchdimen=\dimen260
\scratchbox=\box66
\nofMPsegments=\count337
\nofMParguments=\count338
\everyMPshowfont=\toks31
\MPscratchCnt=\count339
\MPscratchDim=\dimen261
\MPnumerator=\count340
\makeMPintoPDFobject=\count341
\everyMPtoPDFconversion=\toks32
) (C:\Program Files\MiKTeX\tex/latex/epstopdf-pkg\epstopdf-base.sty
Package: epstopdf-base 2020-01-24 v2.11 Base part for package epstopdf
Package epstopdf-base Info: Redefining graphics rule for `.eps' on input line 4
85.
)
ABD: EverySelectfont initializing macros
LaTeX Info: Redefining \selectfont on input line 3.
\c@lstlisting=\count342
Package hyperref Info: Link coloring OFF on input line 3.
LaTeX Info: Redefining \ref on input line 3.
LaTeX Info: Redefining \pageref on input line 3.
LaTeX Info: Redefining \nameref on input line 3.
 (main.out) (main.out)
\@outlinefile=\write3
\openout3 = `main.out'.

Class scrbook Info: loading recommended package `bookmark'.
(scrbook)           Using `bookmark' together with `hyperref' is recommended,
(scrbook)           because of handling of possible bookmark level gaps.
(scrbook)           You can avoid loading `bookmark' with KOMA-Script option
(scrbook)           `bookmarkpackage=false' before \begin{document} and
(scrbook)           you can avoid this message adding:
(scrbook)             \usepackage{bookmark}
(scrbook)           before \begin{document} on input line 3.

(C:\Program Files\MiKTeX\tex/latex/bookmark\bookmark.sty
Package: bookmark 2020-11-06 v1.29 PDF bookmarks (HO)

(C:\Program Files\MiKTeX\tex/latex/bookmark\bkm-pdftex.def
File: bkm-pdftex.def 2020-11-06 v1.29 bookmark driver for pdfTeX (HO)
\BKM@id=\count343
))
(first-two-pages.tex

pdfTeX warning: pdflatex.exe (file ../images/first_two_pages.pdf): PDF inclusio
n: found PDF version <1.7>, but at most version <1.5> allowed
<../images/first_two_pages.pdf, id=3, 614.295pt x 794.97pt>
File: ../images/first_two_pages.pdf Graphic file (type pdf)
<use ../images/first_two_pages.pdf>
Package pdftex.def Info: ../images/first_two_pages.pdf  used on input line 1.
(pdftex.def)             Requested size: 614.29349pt x 794.96806pt.


pdfTeX warning: pdflatex.exe (file ../images/first_two_pages.pdf): PDF inclusio
n: found PDF version <1.7>, but at most version <1.5> allowed
File: ../images/first_two_pages.pdf Graphic file (type pdf)
<use ../images/first_two_pages.pdf>
Package pdftex.def Info: ../images/first_two_pages.pdf  used on input line 1.
(pdftex.def)             Requested size: 614.29349pt x 794.96806pt.


pdfTeX warning: pdflatex.exe (file ../images/first_two_pages.pdf): PDF inclusio
n: found PDF version <1.7>, but at most version <1.5> allowed


pdfTeX warning: pdflatex.exe (file ../images/first_two_pages.pdf): PDF inclusio
n: found PDF version <1.7>, but at most version <1.5> allowed
<../images/first_two_pages.pdf, id=6, page=1, 614.295pt x 794.97pt>
File: ../images/first_two_pages.pdf Graphic file (type pdf)
<use ../images/first_two_pages.pdf, page 1>
Package pdftex.def Info: ../images/first_two_pages.pdf , page1 used on input li
ne 1.
(pdftex.def)             Requested size: 614.29349pt x 794.96806pt.
File: ../images/first_two_pages.pdf Graphic file (type pdf)
<use ../images/first_two_pages.pdf, page 1>
Package pdftex.def Info: ../images/first_two_pages.pdf , page1 used on input li
ne 1.
(pdftex.def)             Requested size: 597.78697pt x 773.60669pt.
File: ../images/first_two_pages.pdf Graphic file (type pdf)
<use ../images/first_two_pages.pdf, page 1>
Package pdftex.def Info: ../images/first_two_pages.pdf , page1 used on input li
ne 1.
(pdftex.def)             Requested size: 597.78697pt x 773.60669pt.
File: ../images/first_two_pages.pdf Graphic file (type pdf)
<use ../images/first_two_pages.pdf, page 1>
Package pdftex.def Info: ../images/first_two_pages.pdf , page1 used on input li
ne 1.
(pdftex.def)             Requested size: 597.78697pt x 773.60669pt.
File: ../images/first_two_pages.pdf Graphic file (type pdf)
<use ../images/first_two_pages.pdf, page 1>
Package pdftex.def Info: ../images/first_two_pages.pdf , page1 used on input li
ne 1.
(pdftex.def)             Requested size: 597.78697pt x 773.60669pt.
[1

 <../images/first_two_pages.pdf>]

pdfTeX warning: pdflatex.exe (file ../images/first_two_pages.pdf): PDF inclusio
n: found PDF version <1.7>, but at most version <1.5> allowed
<../images/first_two_pages.pdf, id=30, page=2, 614.295pt x 794.97pt>
File: ../images/first_two_pages.pdf Graphic file (type pdf)
<use ../images/first_two_pages.pdf, page 2>
Package pdftex.def Info: ../images/first_two_pages.pdf , page2 used on input li
ne 1.
(pdftex.def)             Requested size: 597.78697pt x 773.60669pt.
File: ../images/first_two_pages.pdf Graphic file (type pdf)
<use ../images/first_two_pages.pdf, page 2>
Package pdftex.def Info: ../images/first_two_pages.pdf , page2 used on input li
ne 1.
(pdftex.def)             Requested size: 597.78697pt x 773.60669pt.
File: ../images/first_two_pages.pdf Graphic file (type pdf)
<use ../images/first_two_pages.pdf, page 2>
Package pdftex.def Info: ../images/first_two_pages.pdf , page2 used on input li
ne 1.
(pdftex.def)             Requested size: 597.78697pt x 773.60669pt.
[2 <../images/first_two_pages.pdf>]) (abstract.tex
LaTeX Font Info:    Trying to load font information for OT1+pag on input line 1
.

(C:\Program Files\MiKTeX\tex/latex/psnfss\ot1pag.fd
File: ot1pag.fd 2001/06/04 font definitions for OT1/pag.
)
LaTeX Font Info:    Font shape `OT1/pag/b/n' in size <12> not available
(Font)              Font shape `OT1/pag/db/n' tried instead on input line 1.
LaTeX Font Info:    Font shape `OT1/pag/b/n' in size <24.88> not available
(Font)              Font shape `OT1/pag/db/n' tried instead on input line 1.
) (acknowledgements.tex
LaTeX Font Info:    Font shape `OT1/pbk/m/sl' in size <12> not available
(Font)              Font shape `OT1/pbk/l/sl' tried instead on input line 1.
LaTeX Font Info:    Trying to load font information for U+msa on input line 1.

(C:\Program Files\MiKTeX\tex/latex/amsfonts\umsa.fd
File: umsa.fd 2013/01/14 v3.01 AMS symbols A
)
LaTeX Font Info:    Trying to load font information for U+msb on input line 1.

(C:\Program Files\MiKTeX\tex/latex/amsfonts\umsb.fd
File: umsb.fd 2013/01/14 v3.01 AMS symbols B
)
LaTeX Font Info:    Font shape `OT1/pbk/m/sl' in size <10.95> not available
(Font)              Font shape `OT1/pbk/l/sl' tried instead on input line 1.
 [3{C:/Users/serha/AppData/Local/MiKTeX/pdftex/config/pdftex.map}

]) [4

]
LaTeX Font Info:    Font shape `OT1/pbk/m/n' in size <24.88> not available
(Font)              Font shape `OT1/pbk/l/n' tried instead on input line 16.
 (main.toc
LaTeX Font Info:    Font shape `OT1/pbk/b/n' in size <12> not available
(Font)              Font shape `OT1/pbk/db/n' tried instead on input line 1.
)
\tf@toc=\write4
\openout4 = `main.toc'.

 [5

] (introduction.tex
chapter 1.

Class scrbook Warning: \float@addtolists detected!
(scrbook)              Implementation of \float@addtolist became
(scrbook)              deprecated in KOMA-Script v3.01 2008/11/14 and
(scrbook)              has been replaced by several more flexible
(scrbook)              features of package `tocbasic`.
(scrbook)              Since Version 3.12 support for deprecated
(scrbook)              \float@addtolist interface has been
(scrbook)              restricted to only some of the KOMA-Script
(scrbook)              features and been removed from others.
(scrbook)              Loading of package `scrhack' may help to
(scrbook)              avoid this warning, if you are using a
(scrbook)              a package that still implements the
(scrbook)              deprecated \float@addtolist interface.

LaTeX Font Info:    Font shape `OT1/pag/b/n' in size <17.28> not available
(Font)              Font shape `OT1/pag/db/n' tried instead on input line 3.
(../figures/figure-steel_production_steps.tex
<../images/steel-production-steps.png, id=133, 920.238pt x 520.344pt>
File: ../images/steel-production-steps.png Graphic file (type png)
<use ../images/steel-production-steps.png>
Package pdftex.def Info: ../images/steel-production-steps.png  used on input li
ne 5.
(pdftex.def)             Requested size: 460.72124pt x 260.51276pt.
) [1


 <../images/steel-production-steps.png>] [2] [3] [4])
Overfull \hbox (8.5104pt too wide) in paragraph at lines 83--22
[]\OT1/pbk/l/n/12 My Op-er-a-tions Re-search Model (OR model) com-bines Steel M
an-u-fac-tur-ing Events
 []

(methodology.tex [5]
chapter 2.
(steel-manufacturing-data-analysis.tex (association-networks.tex
LaTeX Font Info:    Font shape `OT1/pag/b/n' in size <14.4> not available
(Font)              Font shape `OT1/pag/db/n' tried instead on input line 1.
 [6

] [7]
(../figures/figure-adjacency_graph.tex
<../images/methodology-association-networks-adjacency_graph.png, id=189, 1120.1
85pt x 383.031pt>
File: ../images/methodology-association-networks-adjacency_graph.png Graphic fi
le (type png)
<use ../images/methodology-association-networks-adjacency_graph.png>
Package pdftex.def Info: ../images/methodology-association-networks-adjacency_g
raph.png  used on input line 5.
(pdftex.def)             Requested size: 322.50345pt x 110.27544pt.
)) (binning-methods.tex
(../figures/figure-hyp_graphs.tex
<../images/methodology-association-networks-hyp_networks.png, id=192, 1267.134p
t x 749.199pt>
File: ../images/methodology-association-networks-hyp_networks.png Graphic file 
(type png)
<use ../images/methodology-association-networks-hyp_networks.png>
Package pdftex.def Info: ../images/methodology-association-networks-hyp_network
s.png  used on input line 5.
(pdftex.def)             Requested size: 368.57838pt x 217.91376pt.
) [8 <../images/methodology-association-networks-adjacency_graph.png>]) (networ
k-metrics-analysis.tex [9 <../images/methodology-association-networks-hyp_netwo
rks.png>] [10]
(../figures/figure-null_models.tex
<../images/cartoon-null-model-definitions.png, id=233, 710.655pt x 320.99925pt>

File: ../images/cartoon-null-model-definitions.png Graphic file (type png)
<use ../images/cartoon-null-model-definitions.png>
Package pdftex.def Info: ../images/cartoon-null-model-definitions.png  used on 
input line 5.
(pdftex.def)             Requested size: 414.6463pt x 187.29645pt.
) (../figures/figure-normal_distribution.tex
<../images/methodology-network-metrics-analysis-normal_distribution.png, id=238
, 550.4565pt x 338.4645pt>
File: ../images/methodology-network-metrics-analysis-normal_distribution.png Gr
aphic file (type png)
<use ../images/methodology-network-metrics-analysis-normal_distribution.png>
Package pdftex.def Info: ../images/methodology-network-metrics-analysis-normal_
distribution.png  used on input line 5.
(pdftex.def)             Requested size: 391.61586pt x 240.80211pt.
) [11 <../images/cartoon-null-model-definitions.png>] [12 <../images/methodolog
y-network-metrics-analysis-normal_distribution.png>]
Overfull \vbox (10.14977pt too high) detected at line 59
 []

)) (flux-balance-analysis.tex [13]
Overfull \hbox (28.17595pt too wide) in paragraph at lines 29--51
$[]$ \OT1/pbk/l/n/12 and $[]$ 
 []

[14]
LaTeX Font Info:    Font shape `OT1/pbk/m/n' in size <8> not available
(Font)              Font shape `OT1/pbk/l/n' tried instead on input line 56.
LaTeX Font Info:    Font shape `OT1/pbk/m/n' in size <6> not available
(Font)              Font shape `OT1/pbk/l/n' tried instead on input line 56.
 (../figures/figure-reaction_centric-metabolic_centric-networks.tex
<../images/methodology-ORmodel-metabolic_centric_network.png, id=291, 561.297pt
 x 569.7285pt>
File: ../images/methodology-ORmodel-metabolic_centric_network.png Graphic file 
(type png)
<use ../images/methodology-ORmodel-metabolic_centric_network.png>
Package pdftex.def Info: ../images/methodology-ORmodel-metabolic_centric_networ
k.png  used on input line 4.
(pdftex.def)             Requested size: 230.36061pt x 233.82492pt.
LaTeX Font Info:    Font shape `OT1/pbk/m/n' in size <10.95> not available
(Font)              Font shape `OT1/pbk/l/n' tried instead on input line 5.
<../images/methodology-ORmodel-reaction_centric_network.png, id=292, 564.30824p
t x 582.37575pt>
File: ../images/methodology-ORmodel-reaction_centric_network.png Graphic file (
type png)
<use ../images/methodology-ORmodel-reaction_centric_network.png>
Package pdftex.def Info: ../images/methodology-ORmodel-reaction_centric_network
.png  used on input line 9.
(pdftex.def)             Requested size: 230.36061pt x 237.7359pt.
)
[15 <../images/methodology-ORmodel-metabolic_centric_network.png> <../images/me
thodology-ORmodel-reaction_centric_network.png>] [16]
(../figures/figure-uptake-secretion-cartoon.tex
<../images/methodology-ORmodel-uptake_secretion_cartoon.png, id=330, 536.60475p
t x 466.1415pt>
File: ../images/methodology-ORmodel-uptake_secretion_cartoon.png Graphic file (
type png)
<use ../images/methodology-ORmodel-uptake_secretion_cartoon.png>
Package pdftex.def Info: ../images/methodology-ORmodel-uptake_secretion_cartoon
.png  used on input line 5.
(pdftex.def)             Requested size: 299.46599pt x 260.14125pt.
)
Overfull \hbox (21.3773pt too wide) in paragraph at lines 124--125
[]\OT1/pbk/l/n/12 As a sum-mary of the above-explained se-ries of con-straints,
 mass-balance (Eq.[]),
 []

[17] [18 <../images/methodology-ORmodel-uptake_secretion_cartoon.png>])
(concepts-integration.tex (../figures/figure-complete_framework_cartoon.tex
<../images/methodology-ORmodel-cartoon_complete_framework.png, id=369, 1387.584
pt x 1017.8025pt>
File: ../images/methodology-ORmodel-cartoon_complete_framework.png Graphic file
 (type png)
<use ../images/methodology-ORmodel-cartoon_complete_framework.png>
Package pdftex.def Info: ../images/methodology-ORmodel-cartoon_complete_framewo
rk.png  used on input line 5.
(pdftex.def)             Requested size: 506.79616pt x 371.73555pt.
)))
(implementation-and-results.tex [19] [20 <../images/methodology-ORmodel-cartoon
_complete_framework.png>]
chapter 3.
LaTeX Font Info:    Trying to load font information for TS1+pbk on input line 1
8.
(C:\Program Files\MiKTeX\tex/latex/psnfss\ts1pbk.fd
File: ts1pbk.fd 2001/06/04 font definitions for TS1/pbk.
)
LaTeX Font Info:    Font shape `TS1/pbk/m/n' in size <12> not available
(Font)              Font shape `TS1/pbk/l/n' tried instead on input line 18.
 [21

]
Overfull \hbox (0.94165pt too wide) in paragraph at lines 44--45
\OT1/pbk/l/n/12 For the first di-men-sion, dis-tin-guished data sets be-long-in
g to CCM, CSP, PLTCM,
 []

[22] (../figures/figure-real_life-events-analysis-results.tex
<../images/results-real_life_events_analysis-results.png, id=412, 2346.366pt x 
3030.522pt>
File: ../images/results-real_life_events_analysis-results.png Graphic file (typ
e png)
<use ../images/results-real_life_events_analysis-results.png>
Package pdftex.def Info: ../images/results-real_life_events_analysis-results.pn
g  used on input line 5.
(pdftex.def)             Requested size: 483.7587pt x 624.77544pt.


LaTeX Warning: Float too large for page by 28.27542pt on input line 9.

) [23] [24] [25 <../images/results-real_life_events_analysis-results.png>]
LaTeX Font Info:    Font shape `OT1/pbk/m/it' in size <12> not available
(Font)              Font shape `OT1/pbk/l/it' tried instead on input line 78.

[26

] (../figures/figure-FBA-results.tex
<../images/results-simulation-results.png, id=444, 919.0335pt x 933.4875pt>
File: ../images/results-simulation-results.png Graphic file (type png)
<use ../images/results-simulation-results.png>
Package pdftex.def Info: ../images/results-simulation-results.png  used on inpu
t line 5.
(pdftex.def)             Requested size: 474.5423pt x 481.99777pt.
)) (conclusion-and-outlook.tex [27]
[28 <../images/results-simulation-results.png>]
chapter 4.
) (main.bbl [29

]
chapter 5.

Underfull \hbox (badness 10000) in paragraph at lines 14--19
\OT1/pbk/l/n/12 ing pro-cess.'' []$https : / / www . thermosher . com / conten
t / dam / tfs / ATG /
 []


Underfull \hbox (badness 10000) in paragraph at lines 14--19
\OT1/pbk/l/n/12 CAD / CAD % 20Documents / Product % 20Manuals % 20 & %20Specic
ations /
 []


Underfull \hbox (badness 10000) in paragraph at lines 14--19
\OT1/pbk/l/n/12 Elemental % 20Analysis / Thermo-[]Scientic-[]Iron-[]Steel-[]pr
ocess-[]A3 . pdf$[],
 []


Underfull \hbox (badness 10000) in paragraph at lines 21--24
\OT1/pbk/l/n/12 sms-[]group . com / press-[]media / media / downloads / downloa
d-[]detail /
 []

[30

]
Underfull \hbox (badness 5446) in paragraph at lines 67--73
[]\OT1/pbk/l/n/12 Wikimedia Com-mons, ``The re-drawn chart com-par-ing the var-
i-
 []


Underfull \hbox (badness 5622) in paragraph at lines 67--73
\OT1/pbk/l/n/12 ous grad-ing meth-ods in a nor-mal dis-tri-bu-tion, in-cludes s
tan-
 []


Underfull \hbox (badness 1939) in paragraph at lines 67--73
\OT1/pbk/l/n/12 dard de-vi-a-tions, cu-mu-la-tive per-cent-ages, per-centile eq
uiv-a-lents, z-
 []


Underfull \hbox (badness 5667) in paragraph at lines 67--73
\OT1/pbk/l/n/12 scores and t-scores.'' []$https : / / commons . wikimedia . org
 / wiki / File : The[]
 []

[31]) [32] (main.lof)
\tf@lof=\write5
\openout5 = `main.lof'.

 (main.lot)
\tf@lot=\write6
\openout6 = `main.lot'.

 [33

] (main.equ)
\tf@equ=\write7
\openout7 = `main.equ'.

 [34

] (supplements.tex
Overfull \hbox (8.7131pt too wide) in paragraph at lines 13--14
[]\OT1/pbk/l/n/12 CSP Anal-y-sis Curve Plot Re-sults: Mod-u-lar-ity Val-ues and
 Z-scores in Sliding-
 []


Overfull \hbox (10.15318pt too wide) in paragraph at lines 15--16
[]\OT1/pbk/l/n/12 CGL Anal-y-sis Curve Plot Re-sults: Mod-u-lar-ity Val-ues and
 Z-scores in Sliding-
 []

[35


] (../figures/figure-supplements-CCM_CSP_SQL.tex
<../database_inquiries/CCM_CSP.pdf, id=545, 840.99994pt x 594.9999pt>
File: ../database_inquiries/CCM_CSP.pdf Graphic file (type pdf)
<use ../database_inquiries/CCM_CSP.pdf>
Package pdftex.def Info: ../database_inquiries/CCM_CSP.pdf  used on input line 
4.
(pdftex.def)             Requested size: 645.00691pt x 456.36278pt.

Overfull \hbox (24.00691pt too wide) in paragraph at lines 4--5
 [][] 
 []


LaTeX Warning: Float too large for page by 20.14153pt on input line 7.

[36 <../database_inquiries/CCM_CSP.pdf>])
(../figures/figure-supplements-PLTCM_SQL.tex
<../database_inquiries/PLTCM.pdf, id=561, 840.99994pt x 594.9999pt>
File: ../database_inquiries/PLTCM.pdf Graphic file (type pdf)
<use ../database_inquiries/PLTCM.pdf>
Package pdftex.def Info: ../database_inquiries/PLTCM.pdf  used on input line 4.

(pdftex.def)             Requested size: 645.00691pt x 456.36278pt.

Overfull \hbox (24.00691pt too wide) in paragraph at lines 4--5
 [][] 
 []


LaTeX Warning: Float too large for page by 20.14153pt on input line 7.

[37 <../database_inquiries/PLTCM.pdf>])
(../figures/figure-supplements-CGL_SQL.tex
<../database_inquiries/CGL.pdf, id=575, 840.99994pt x 594.9999pt>
File: ../database_inquiries/CGL.pdf Graphic file (type pdf)
<use ../database_inquiries/CGL.pdf>
Package pdftex.def Info: ../database_inquiries/CGL.pdf  used on input line 4.
(pdftex.def)             Requested size: 645.00691pt x 456.36278pt.

Overfull \hbox (24.00691pt too wide) in paragraph at lines 4--5
 [][] 
 []


LaTeX Warning: Float too large for page by 20.14153pt on input line 7.

[38 <../database_inquiries/CGL.pdf>])
(../figures/figure-supplements-CCM_CSP-curveplots_discrete.tex
<../images/supplements-CCM_CSP_real_life_events_analysis-results-curves_and_dis
crete_time.png, id=590, 2339.139pt x 1267.134pt>
File: ../images/supplements-CCM_CSP_real_life_events_analysis-results-curves_an
d_discrete_time.png Graphic file (type png)
<use ../images/supplements-CCM_CSP_real_life_events_analysis-results-curves_and
_discrete_time.png>
Package pdftex.def Info: ../images/supplements-CCM_CSP_real_life_events_analysi
s-results-curves_and_discrete_time.png  used on input line 4.
(pdftex.def)             Requested size: 621.97647pt x 336.92967pt.

Overfull \hbox (0.97647pt too wide) in paragraph at lines 4--5
 [][] 
 []

[39 <../images/supplements-CCM_CSP_real_life_events_analysis-results-curves_and
_discrete_time.png>])
(../figures/figure-supplements-PLTCM_CGL-curveplots_discrete.tex
<../images/supplements-PLTCM_CGL_real_life_events_analysis-results-curves_and_d
iscrete_time.png, id=595, 2339.139pt x 1264.725pt>
File: ../images/supplements-PLTCM_CGL_real_life_events_analysis-results-curves_
and_discrete_time.png Graphic file (type png)
<use ../images/supplements-PLTCM_CGL_real_life_events_analysis-results-curves_a
nd_discrete_time.png>
Package pdftex.def Info: ../images/supplements-PLTCM_CGL_real_life_events_analy
sis-results-curves_and_discrete_time.png  used on input line 4.
(pdftex.def)             Requested size: 621.97647pt x 336.28912pt.

Overfull \hbox (0.97647pt too wide) in paragraph at lines 4--5
 [][] 
 []

[40 <../images/supplements-PLTCM_CGL_real_life_events_analysis-results-curves_a
nd_discrete_time.png>])
(../figures/figure-supplements-CCM-curveplots_sliding.tex
<../images/supplements-CCM_real_life_events_analysis-results-curves_and_time_re
solutions.png, id=600, 2339.139pt x 1262.316pt>
File: ../images/supplements-CCM_real_life_events_analysis-results-curves_and_ti
me_resolutions.png Graphic file (type png)
<use ../images/supplements-CCM_real_life_events_analysis-results-curves_and_tim
e_resolutions.png>
Package pdftex.def Info: ../images/supplements-CCM_real_life_events_analysis-re
sults-curves_and_time_resolutions.png  used on input line 4.
(pdftex.def)             Requested size: 621.97647pt x 335.64857pt.

Overfull \hbox (0.97647pt too wide) in paragraph at lines 4--5
 [][] 
 []

[41 <../images/supplements-CCM_real_life_events_analysis-results-curves_and_tim
e_resolutions.png>]) (../figures/figure-supplements-CSP-curveplots_sliding.tex
<../images/supplements-CSP_real_life_events_analysis-results-curves_and_time_re
solutions.png, id=606, 2346.96825pt x 1272.55424pt>
File: ../images/supplements-CSP_real_life_events_analysis-results-curves_and_ti
me_resolutions.png Graphic file (type png)
<use ../images/supplements-CSP_real_life_events_analysis-results-curves_and_tim
e_resolutions.png>
Package pdftex.def Info: ../images/supplements-CSP_real_life_events_analysis-re
sults-curves_and_time_resolutions.png  used on input line 4.
(pdftex.def)             Requested size: 621.97647pt x 337.24469pt.

Overfull \hbox (0.97647pt too wide) in paragraph at lines 4--5
 [][] 
 []

[42 <../images/supplements-CSP_real_life_events_analysis-results-curves_and_tim
e_resolutions.png>])
(../figures/figure-supplements-PLTCM-curveplots_sliding.tex
<../images/supplements-PLTCM_real_life_events_analysis-results-curves_and_time_
resolutions.png, id=612, 2346.366pt x 1271.952pt>
File: ../images/supplements-PLTCM_real_life_events_analysis-results-curves_and_
time_resolutions.png Graphic file (type png)
<use ../images/supplements-PLTCM_real_life_events_analysis-results-curves_and_t
ime_resolutions.png>
Package pdftex.def Info: ../images/supplements-PLTCM_real_life_events_analysis-
results-curves_and_time_resolutions.png  used on input line 4.
(pdftex.def)             Requested size: 621.97647pt x 337.16272pt.

Overfull \hbox (0.97647pt too wide) in paragraph at lines 4--5
 [][] 
 []

[43 <../images/supplements-PLTCM_real_life_events_analysis-results-curves_and_t
ime_resolutions.png>])
(../figures/figure-supplements-CGL-curveplots_sliding.tex
<../images/supplements-CGL_real_life_events_analysis-results-curves_and_time_re
solutions.png, id=618, 2346.366pt x 1264.725pt>
File: ../images/supplements-CGL_real_life_events_analysis-results-curves_and_ti
me_resolutions.png Graphic file (type png)
<use ../images/supplements-CGL_real_life_events_analysis-results-curves_and_tim
e_resolutions.png>
Package pdftex.def Info: ../images/supplements-CGL_real_life_events_analysis-re
sults-curves_and_time_resolutions.png  used on input line 4.
(pdftex.def)             Requested size: 621.97647pt x 335.24702pt.

Overfull \hbox (0.97647pt too wide) in paragraph at lines 4--5
 [][] 
 []

[44 <../images/supplements-CGL_real_life_events_analysis-results-curves_and_tim
e_resolutions.png>]) (../figures/figure-supplements-CCM.tex
<../images/supplements-CCM_real_life_events_analysis-results.png, id=625, 2413.
818pt x 2227.72275pt>
File: ../images/supplements-CCM_real_life_events_analysis-results.png Graphic f
ile (type png)
<use ../images/supplements-CCM_real_life_events_analysis-results.png>
Package pdftex.def Info: ../images/supplements-CCM_real_life_events_analysis-re
sults.png  used on input line 4.
(pdftex.def)             Requested size: 506.79616pt x 467.69962pt.


LaTeX Warning: Float too large for page by 45.97836pt on input line 7.

[45 <../images/supplements-CCM_real_life_events_analysis-results.png>])
(../figures/figure-supplements-CSP.tex
<../images/supplements-CSP_real_life_events_analysis-results.png, id=631, 2414.
42026pt x 2228.325pt>
File: ../images/supplements-CSP_real_life_events_analysis-results.png Graphic f
ile (type png)
<use ../images/supplements-CSP_real_life_events_analysis-results.png>
Package pdftex.def Info: ../images/supplements-CSP_real_life_events_analysis-re
sults.png  used on input line 4.
(pdftex.def)             Requested size: 506.79616pt x 467.72406pt.


LaTeX Warning: Float too large for page by 46.0028pt on input line 7.

[46 <../images/supplements-CSP_real_life_events_analysis-results.png>])
(../figures/figure-supplements-PLTCM.tex
<../images/supplements-PLTCM_real_life_events_analysis-results.png, id=637, 241
4.42026pt x 2227.1205pt>
File: ../images/supplements-PLTCM_real_life_events_analysis-results.png Graphic
 file (type png)
<use ../images/supplements-PLTCM_real_life_events_analysis-results.png>
Package pdftex.def Info: ../images/supplements-PLTCM_real_life_events_analysis-
results.png  used on input line 4.
(pdftex.def)             Requested size: 506.79616pt x 467.47124pt.


LaTeX Warning: Float too large for page by 45.74998pt on input line 7.

[47 <../images/supplements-PLTCM_real_life_events_analysis-results.png>])
(../figures/figure-supplements-CGL.tex
<../images/supplements-CGL_real_life_events_analysis-results.png, id=643, 2416.
82925pt x 2228.325pt>
File: ../images/supplements-CGL_real_life_events_analysis-results.png Graphic f
ile (type png)
<use ../images/supplements-CGL_real_life_events_analysis-results.png>
Package pdftex.def Info: ../images/supplements-CGL_real_life_events_analysis-re
sults.png  used on input line 4.
(pdftex.def)             Requested size: 506.79616pt x 467.24803pt.


LaTeX Warning: Float too large for page by 45.52678pt on input line 7.

[48 <../images/supplements-CGL_real_life_events_analysis-results.png>])
(../figures/figure-supplements-obj_func-terms-initial.tex
<../images/results-obj_func_terms_initial-simulation-results.png, id=649, 1259.
907pt x 1072.005pt>
File: ../images/results-obj_func_terms_initial-simulation-results.png Graphic f
ile (type png)
<use ../images/results-obj_func_terms_initial-simulation-results.png>
Package pdftex.def Info: ../images/results-obj_func_terms_initial-simulation-re
sults.png  used on input line 4.
(pdftex.def)             Requested size: 506.79616pt x 431.21532pt.
 [49 <../images/results-obj_func_terms_initial-simulation-results.png>])
(../figures/figure-supplements-obj_func-terms-reduced25.tex
<../images/results-obj_func_terms_reduced25-simulation-results.png, id=655, 126
9.543pt x 489.027pt>
File: ../images/results-obj_func_terms_reduced25-simulation-results.png Graphic
 file (type png)
<use ../images/results-obj_func_terms_reduced25-simulation-results.png>
Package pdftex.def Info: ../images/results-obj_func_terms_reduced25-simulation-
results.png  used on input line 5.
(pdftex.def)             Requested size: 621.0pt x 239.2149pt.
 [50






























 <../images/results-obj_func_terms_reduced25-simulation-results.png>])
(../figures/figure-supplements-obj_func-terms-reduced50.tex
<../images/results-obj_func_terms_reduced50-simulation-results.png, id=662, 126
9.543pt x 499.26524pt>
File: ../images/results-obj_func_terms_reduced50-simulation-results.png Graphic
 file (type png)
<use ../images/results-obj_func_terms_reduced50-simulation-results.png>
Package pdftex.def Info: ../images/results-obj_func_terms_reduced50-simulation-
results.png  used on input line 5.
(pdftex.def)             Requested size: 621.0pt x 244.22311pt.
 [51


 <../images/results-obj_func_terms_reduced50-simulation-results.png>])
(../figures/figure-supplements-obj_func-terms-reduced75.tex
<../images/results-obj_func_terms_reduced75-simulation-results.png, id=668, 127
2.55424pt x 499.26524pt>
File: ../images/results-obj_func_terms_reduced75-simulation-results.png Graphic
 file (type png)
<use ../images/results-obj_func_terms_reduced75-simulation-results.png>
Package pdftex.def Info: ../images/results-obj_func_terms_reduced75-simulation-
results.png  used on input line 5.
(pdftex.def)             Requested size: 621.0pt x 243.64412pt.
 [52


 <../images/results-obj_func_terms_reduced75-simulation-results.png>]))

AED: lastpage setting LastPage

LaTeX3 Info: Redefining command \BeforeClosingMainAux with sig. 'm' on line
(LaTeX3)     50.


LaTeX3 Info: Redefining command \BeforeClosingMainAux with sig. 'm' on line
(LaTeX3)     50.

(main.aux)
Package rerunfilecheck Info: File `main.out' has not changed.
(rerunfilecheck)             Checksum: D41D8CD98F00B204E9800998ECF8427E;0.
 ) 
Here is how much of TeX's memory you used:
 20600 strings out of 479334
 376725 string characters out of 2866961
 861709 words of memory out of 3000000
 37407 multiletter control sequences out of 15000+200000
 424676 words of font info for 71 fonts, out of 3000000 for 9000
 1141 hyphenation exceptions out of 8191
 116i,20n,119p,10660b,587s stack positions out of 5000i,500n,10000p,200000b,50000s
{C:/Program Files/MiKTeX/fonts/enc/dvips/base/8r.enc}<C:/Program Files/MiKTeX
/fonts/type1/public/amsfonts/cm/cmex10.pfb><C:/Program Files/MiKTeX/fonts/type1
/public/amsfonts/cm/cmmi12.pfb><C:/Program Files/MiKTeX/fonts/type1/public/amsf
onts/cm/cmmi8.pfb><C:/Program Files/MiKTeX/fonts/type1/public/amsfonts/cm/cmr12
.pfb><C:/Program Files/MiKTeX/fonts/type1/public/amsfonts/cm/cmr8.pfb><C:/Progr
am Files/MiKTeX/fonts/type1/public/amsfonts/cm/cmsy10.pfb><C:/Program Files/MiK
TeX/fonts/type1/public/amsfonts/cm/cmsy6.pfb><C:/Program Files/MiKTeX/fonts/typ
e1/public/amsfonts/cm/cmsy8.pfb><C:/Program Files/MiKTeX/fonts/type1/public/ams
fonts/cm/cmtt8.pfb><C:/Program Files/MiKTeX/fonts/type1/public/amsfonts/symbols
/msbm10.pfb><C:/Program Files/MiKTeX/fonts/type1/urw/avantgar/uagd8a.pfb><C:/Pr
ogram Files/MiKTeX/fonts/type1/urw/bookman/ubkd8a.pfb><C:/Program Files/MiKTeX/
fonts/type1/urw/bookman/ubkl8a.pfb><C:/Program Files/MiKTeX/fonts/type1/urw/boo
kman/ubkl8a.pfb><C:/Program Files/MiKTeX/fonts/type1/urw/bookman/ubkli8a.pfb>
Output written on main.pdf (57 pages, 11643573 bytes).
PDF statistics:
 831 PDF objects out of 1000 (max. 8388607)
 162 named destinations out of 1000 (max. 500000)
 366 words of extra memory for PDF output out of 10000 (max. 10000000)

